<?xml version="1.0" encoding="UTF-8"?>
<!-- Generated by org.testng.reporters.JUnitReportReporter -->
<testsuite hostname="DESKTOP-NKE74KJ" failures="0" tests="1" name="com.w3schools.tests.SignUpTest" time="40.436" errors="0" timestamp="2023-04-04T05:59:06 IST" skipped="0">
  <testcase classname="com.w3schools.tests.SignUpTest" name="signUpPageTestCase" time="40.436"/>
  <system-out/>
</testsuite> <!-- com.w3schools.tests.SignUpTest -->
