<?xml version="1.0" encoding="UTF-8"?>
<!-- Generated by org.testng.reporters.JUnitReportReporter -->
<testsuite hostname="DESKTOP-NKE74KJ" failures="0" tests="1" name="com.w3schools.tests.VideoTestPage" time="164.087" errors="0" timestamp="2023-04-12T06:26:07 IST" skipped="0">
  <testcase classname="com.w3schools.tests.VideoTestPage" name="videoBtnTest" time="164.087"/>
  <system-out/>
</testsuite> <!-- com.w3schools.tests.VideoTestPage -->
