<?xml version="1.0" encoding="UTF-8"?>
<!-- Generated by org.testng.reporters.JUnitReportReporter -->
<testsuite hostname="DESKTOP-NKE74KJ" failures="0" tests="1" name="com.w3schools.tests.LoginTest" time="106.414" errors="0" timestamp="2023-04-10T10:14:38 IST" skipped="0">
  <testcase classname="com.w3schools.tests.LoginTest" name="loginW3Schools" time="106.414"/>
  <system-out/>
</testsuite> <!-- com.w3schools.tests.LoginTest -->
