<?xml version="1.0" encoding="UTF-8"?>
<!-- Generated by org.testng.reporters.JUnitReportReporter -->
<testsuite hostname="DESKTOP-NKE74KJ" failures="0" tests="1" name="com.w3schools.tests.ProfileUpdateTestPage" time="135.992" errors="0" timestamp="2023-04-10T19:14:24 IST" skipped="0">
  <testcase classname="com.w3schools.tests.ProfileUpdateTestPage" name="loginW3Schools" time="135.992"/>
  <system-out/>
</testsuite> <!-- com.w3schools.tests.ProfileUpdateTestPage -->
